<?xml version="1.0" encoding="UTF-8"?>
<!-- Generated by org.testng.reporters.JUnitReportReporter -->
<testsuite skipped="0" hostname="ShAmIm" name="test.AddNewAccountTest" tests="1" failures="0" timestamp="2021-01-28T22:06:30 CST" time="18.808" errors="0">
  <testcase name="userLogInScenario" time="18.808" classname="test.AddNewAccountTest"/>
  <system-out/>
</testsuite> <!-- test.AddNewAccountTest -->
