<?xml version="1.0" encoding="UTF-8"?>
<!-- Generated by org.testng.reporters.JUnitReportReporter -->
<testsuite skipped="0" hostname="ShAmIm" name="test.loginTest" tests="1" failures="0" timestamp="2021-01-27T15:43:53 CST" time="11.894" errors="0">
  <testcase name="userLogInScenario" time="11.894" classname="test.loginTest"/>
  <system-out/>
</testsuite> <!-- test.loginTest -->
